This is pdfTeX, Version 3.141592653-2.6-1.40.23 (MiKTeX 21.8) (preloaded format=pdflatex 2022.3.11)  17 MAR 2022 15:02
entering extended mode
**./Internship_Report.tex
(Internship_Report.tex
LaTeX2e <2021-06-01> patch level 1
L3 programming layer <2021-07-12>
(C:\Users\I008526\AppData\Roaming\MiKTeX\tex/latex/koma-script\scrbook.cls
Document Class: scrbook 2021/11/13 v3.35 KOMA-Script document class (book)
(C:\Users\I008526\AppData\Roaming\MiKTeX\tex/latex/koma-script\scrkbase.sty
Package: scrkbase 2021/11/13 v3.35 KOMA-Script package (KOMA-Script-dependent b
asics and keyval usage)

(C:\Users\I008526\AppData\Roaming\MiKTeX\tex/latex/koma-script\scrbase.sty
Package: scrbase 2021/11/13 v3.35 KOMA-Script package (KOMA-Script-independent 
basics and keyval usage)

(C:\Users\I008526\AppData\Roaming\MiKTeX\tex/latex/koma-script\scrlfile.sty
Package: scrlfile 2021/11/13 v3.35 KOMA-Script package (file load hooks)

(C:\Users\I008526\AppData\Roaming\MiKTeX\tex/latex/koma-script\scrlfile-hook-3.
34.sty
Package: scrlfile-hook-3.34 2021/11/13 v3.35 KOMA-Script package (using LaTeX h
ooks)

(C:\Users\I008526\AppData\Roaming\MiKTeX\tex/latex/koma-script\scrlogo.sty
Package: scrlogo 2021/11/13 v3.35 KOMA-Script package (logo)
)))
(C:\Program Files\MiKTeX\tex/latex/graphics\keyval.sty
Package: keyval 2014/10/28 v1.15 key=value parser (DPC)
\KV@toks@=\toks16
)
Applying: [2021/05/01] Usage of raw or classic option list on input line 252.
Already applied: [0000/00/00] Usage of raw or classic option list on input line
 368.
))
(C:\Users\I008526\AppData\Roaming\MiKTeX\tex/latex/koma-script\tocbasic.sty
Package: tocbasic 2021/11/13 v3.35 KOMA-Script package (handling toc-files)
\scr@dte@tocline@numberwidth=\skip47
\scr@dte@tocline@numbox=\box50
)
Package tocbasic Info: babel extension for `toc' omitted
(tocbasic)             because of missing \bbl@set@language on input line 137.
Package scrbook Info: You've used standard option `12pt'.
(scrbook)             This is correct!
(scrbook)             Internally I'm using `fontsize=12pt'.
(scrbook)             If you'd like to set the option with \KOMAoptions,
(scrbook)             you'd have to use `fontsize=12pt' there
(scrbook)             instead of `12pt', too.
Class scrbook Info: You've used standard option `oneside'.
(scrbook)           This is correct!
(scrbook)           Internally I'm using `twoside=false'.
(scrbook)           If you'd like to set the option with \KOMAoptions,
(scrbook)           you'd have to use `twoside=false' there
(scrbook)           instead of `oneside', too.
Class scrbook Info: File `scrsize12pt.clo' used to setup font sizes on input li
ne 2490.

(C:\Users\I008526\AppData\Roaming\MiKTeX\tex/latex/koma-script\scrsize12pt.clo
File: scrsize12pt.clo 2021/11/13 v3.35 KOMA-Script font size class option (12pt
)
) (C:\Users\I008526\AppData\Roaming\MiKTeX\tex/latex/koma-script\typearea.sty
Package: typearea 2021/11/13 v3.35 KOMA-Script package (type area)
\ta@bcor=\skip48
\ta@div=\count182
Package typearea Info: You've used standard option `a4paper'.
(typearea)             This is correct!
(typearea)             Internally I'm using `paper=a4'.
(typearea)             If you'd like to set the option with \KOMAoptions,
(typearea)             you'd have to use `paper=a4' there
(typearea)             instead of `a4paper', too.
Package typearea Info: You've used standard option `oneside'.
(typearea)             This is correct!
(typearea)             Internally I'm using `twoside=false'.
(typearea)             If you'd like to set the option with \KOMAoptions,
(typearea)             you'd have to use `twoside=false' there
(typearea)             instead of `oneside', too.


Package typearea Warning: You've used obsolete option `BCOR1cm'.
(typearea)                Usage of this option indicates an old document
(typearea)                and changes compatibility level using
(typearea)                `BCOR=1cm,version=first,
(typearea)                enabledeprecatedfontcommands' that may result
(typearea)                in further warnings.
(typearea)                If you don't want this, you should simply
(typearea)                replace option `BCOR1cm' by `BCOR=1cm'.

Package typearea Info: Switching compatibility level to `first'.
\ta@hblk=\skip49
\ta@vblk=\skip50
\ta@temp=\skip51
\footheight=\skip52
Package typearea Info: These are the values describing the layout:
(typearea)             DIV  = 12
(typearea)             BCOR = 28.45274pt
(typearea)             \paperwidth      = 597.50793pt
(typearea)              \textwidth      = 426.7914pt
(typearea)              DIV departure   = -1%
(typearea)              \evensidemargin = 27.31465pt
(typearea)              \oddsidemargin  = 27.31465pt
(typearea)             \paperheight     = 845.04694pt
(typearea)              \textheight     = 635.5pt
(typearea)              \topmargin      = -41.72441pt
(typearea)              \headheight     = 18.125pt
(typearea)              \headsep        = 21.75pt
(typearea)              \topskip        = 12.0pt
(typearea)              \footskip       = 50.75pt
(typearea)              \baselineskip   = 14.5pt
(typearea)              on input line 1743.
)
\c@part=\count183
\c@chapter=\count184
\c@section=\count185
\c@subsection=\count186
\c@subsubsection=\count187
\c@paragraph=\count188
\c@subparagraph=\count189
\scr@dte@chapter@maxnumwidth=\skip53
Class scrbook Info: using compatibility default `afterindent=bysign'
(scrbook)           for `\chapter on input line 5715.
\scr@dte@section@maxnumwidth=\skip54
Class scrbook Info: using compatibility default `runin=bysign'
(scrbook)           for `\section on input line 5726.
Class scrbook Info: using compatibility default `afterindent=bysign'
(scrbook)           for `\section on input line 5726.
\scr@dte@part@maxnumwidth=\skip55
Class scrbook Info: using compatibility default `afterindent=true'
(scrbook)           for `\part on input line 5735.
\scr@dte@subsection@maxnumwidth=\skip56
Class scrbook Info: using compatibility default `runin=bysign'
(scrbook)           for `\subsection on input line 5745.
Class scrbook Info: using compatibility default `afterindent=bysign'
(scrbook)           for `\subsection on input line 5745.
\scr@dte@subsubsection@maxnumwidth=\skip57
Class scrbook Info: using compatibility default `runin=bysign'
(scrbook)           for `\subsubsection on input line 5755.
Class scrbook Info: using compatibility default `afterindent=bysign'
(scrbook)           for `\subsubsection on input line 5755.
\scr@dte@paragraph@maxnumwidth=\skip58
Class scrbook Info: using compatibility default `runin=bysign'
(scrbook)           for `\paragraph on input line 5766.
Class scrbook Info: using compatibility default `afterindent=bysign'
(scrbook)           for `\paragraph on input line 5766.
\scr@dte@subparagraph@maxnumwidth=\skip59
Class scrbook Info: using compatibility default `runin=bysign'
(scrbook)           for `\subparagraph on input line 5776.
Class scrbook Info: using compatibility default `afterindent=bysign'
(scrbook)           for `\subparagraph on input line 5776.
\abovecaptionskip=\skip60
\belowcaptionskip=\skip61
\c@pti@nb@sid@b@x=\box51
Package tocbasic Info: babel extension for `lof' omitted
(tocbasic)             because of missing \bbl@set@language on input line 6962.

\scr@dte@figure@maxnumwidth=\skip62
\c@figure=\count190
Package tocbasic Info: babel extension for `lot' omitted
(tocbasic)             because of missing \bbl@set@language on input line 6978.

\scr@dte@table@maxnumwidth=\skip63
\c@table=\count191
Class scrbook Info: Redefining `\numberline' on input line 7146.
\bibindent=\dimen138
) (C:\Program Files\MiKTeX\tex/latex/graphics\graphicx.sty
Package: graphicx 2020/12/05 v1.2c Enhanced LaTeX Graphics (DPC,SPQR)

(C:\Program Files\MiKTeX\tex/latex/graphics\graphics.sty
Package: graphics 2021/03/04 v1.4d Standard LaTeX Graphics (DPC,SPQR)

(C:\Program Files\MiKTeX\tex/latex/graphics\trig.sty
Package: trig 2016/01/03 v1.10 sin cos tan (DPC)
)
(C:\Program Files\MiKTeX\tex/latex/graphics-cfg\graphics.cfg
File: graphics.cfg 2016/06/04 v1.11 sample graphics configuration
)
Package graphics Info: Driver file: pdftex.def on input line 107.

(C:\Program Files\MiKTeX\tex/latex/graphics-def\pdftex.def
File: pdftex.def 2020/10/05 v1.2a Graphics/color driver for pdftex
))
\Gin@req@height=\dimen139
\Gin@req@width=\dimen140
)
(C:\Program Files\MiKTeX\tex/latex/base\makeidx.sty
Package: makeidx 2014/09/29 v1.0m Standard LaTeX package
)
(C:\Program Files\MiKTeX\tex/latex/hyperref\hyperref.sty
Package: hyperref 2021-06-07 v7.00m Hypertext links for LaTeX

(C:\Users\I008526\AppData\Roaming\MiKTeX\tex/generic/ltxcmds\ltxcmds.sty
Package: ltxcmds 2020-05-10 v1.25 LaTeX kernel commands for general use (HO)
)
(C:\Program Files\MiKTeX\tex/generic/iftex\iftex.sty
Package: iftex 2020/03/06 v1.0d TeX engine tests
)
(C:\Program Files\MiKTeX\tex/generic/pdftexcmds\pdftexcmds.sty
Package: pdftexcmds 2020-06-27 v0.33 Utility functions of pdfTeX for LuaTeX (HO
)

(C:\Users\I008526\AppData\Roaming\MiKTeX\tex/generic/infwarerr\infwarerr.sty
Package: infwarerr 2019/12/03 v1.5 Providing info/warning/error messages (HO)
)
Package pdftexcmds Info: \pdf@primitive is available.
Package pdftexcmds Info: \pdf@ifprimitive is available.
Package pdftexcmds Info: \pdfdraftmode found.
)
(C:\Users\I008526\AppData\Roaming\MiKTeX\tex/generic/kvsetkeys\kvsetkeys.sty
Package: kvsetkeys 2019/12/15 v1.18 Key value parser (HO)
)
(C:\Users\I008526\AppData\Roaming\MiKTeX\tex/generic/kvdefinekeys\kvdefinekeys.
sty
Package: kvdefinekeys 2019-12-19 v1.6 Define keys (HO)
)
(C:\Users\I008526\AppData\Roaming\MiKTeX\tex/generic/pdfescape\pdfescape.sty
Package: pdfescape 2019/12/09 v1.15 Implements pdfTeX's escape features (HO)
)
(C:\Users\I008526\AppData\Roaming\MiKTeX\tex/latex/hycolor\hycolor.sty
Package: hycolor 2020-01-27 v1.10 Color options for hyperref/bookmark (HO)
)
(C:\Users\I008526\AppData\Roaming\MiKTeX\tex/latex/letltxmacro\letltxmacro.sty
Package: letltxmacro 2019/12/03 v1.6 Let assignment for LaTeX macros (HO)
) (C:\Users\I008526\AppData\Roaming\MiKTeX\tex/latex/auxhook\auxhook.sty
Package: auxhook 2019-12-17 v1.6 Hooks for auxiliary files (HO)
)
(C:\Users\I008526\AppData\Roaming\MiKTeX\tex/latex/kvoptions\kvoptions.sty
Package: kvoptions 2020-10-07 v3.14 Key value format for package options (HO)
)
\@linkdim=\dimen141
\Hy@linkcounter=\count192
\Hy@pagecounter=\count193

(C:\Program Files\MiKTeX\tex/latex/hyperref\pd1enc.def
File: pd1enc.def 2021-06-07 v7.00m Hyperref: PDFDocEncoding definition (HO)
Now handling font encoding PD1 ...
... no UTF-8 mapping file for font encoding PD1
)
(C:\Program Files\MiKTeX\tex/latex/hyperref\hyperref-langpatches.def
File: hyperref-langpatches.def 2021-06-07 v7.00m Hyperref: patches for babel la
nguages
)
(C:\Users\I008526\AppData\Roaming\MiKTeX\tex/generic/intcalc\intcalc.sty
Package: intcalc 2019/12/15 v1.3 Expandable calculations with integers (HO)
)
(C:\Users\I008526\AppData\Roaming\MiKTeX\tex/generic/etexcmds\etexcmds.sty
Package: etexcmds 2019/12/15 v1.7 Avoid name clashes with e-TeX commands (HO)
)
\Hy@SavedSpaceFactor=\count194

(C:\Program Files\MiKTeX\tex/latex/hyperref\puenc.def
File: puenc.def 2021-06-07 v7.00m Hyperref: PDF Unicode definition (HO)
Now handling font encoding PU ...
... no UTF-8 mapping file for font encoding PU
)
Package hyperref Info: Option `colorlinks' set `false' on input line 4073.
Package hyperref Info: Hyper figures OFF on input line 4192.
Package hyperref Info: Link nesting OFF on input line 4197.
Package hyperref Info: Hyper index ON on input line 4200.
Package hyperref Info: Plain pages OFF on input line 4207.
Package hyperref Info: Backreferencing OFF on input line 4212.
Package hyperref Info: Implicit mode ON; LaTeX internals redefined.
Package hyperref Info: Bookmarks ON on input line 4445.
\c@Hy@tempcnt=\count195

(C:\Program Files\MiKTeX\tex/latex/url\url.sty
\Urlmuskip=\muskip16
Package: url 2013/09/16  ver 3.4  Verb mode for urls, etc.
)
LaTeX Info: Redefining \url on input line 4804.
\XeTeXLinkMargin=\dimen142

(C:\Users\I008526\AppData\Roaming\MiKTeX\tex/generic/bitset\bitset.sty
Package: bitset 2019/12/09 v1.3 Handle bit-vector datatype (HO)

(C:\Users\I008526\AppData\Roaming\MiKTeX\tex/generic/bigintcalc\bigintcalc.sty
Package: bigintcalc 2019/12/15 v1.5 Expandable calculations on big integers (HO
)
))
\Fld@menulength=\count196
\Field@Width=\dimen143
\Fld@charsize=\dimen144
Package hyperref Info: Hyper figures OFF on input line 6076.
Package hyperref Info: Link nesting OFF on input line 6081.
Package hyperref Info: Hyper index ON on input line 6084.
Package hyperref Info: backreferencing OFF on input line 6091.
Package hyperref Info: Link coloring OFF on input line 6096.
Package hyperref Info: Link coloring with OCG OFF on input line 6101.
Package hyperref Info: PDF/A mode OFF on input line 6106.
LaTeX Info: Redefining \ref on input line 6146.
LaTeX Info: Redefining \pageref on input line 6150.
 (C:\Program Files\MiKTeX\tex/latex/base\atbegshi-ltx.sty
Package: atbegshi-ltx 2021/01/10 v1.0c Emulation of the original atbegshi
package with kernel methods
)
\Hy@abspage=\count197
\c@Item=\count198
\c@Hfootnote=\count199
)
Package hyperref Info: Driver (autodetected): hpdftex.

(C:\Program Files\MiKTeX\tex/latex/hyperref\hpdftex.def
File: hpdftex.def 2021-06-07 v7.00m Hyperref driver for pdfTeX

(C:\Program Files\MiKTeX\tex/latex/base\atveryend-ltx.sty
Package: atveryend-ltx 2020/08/19 v1.0a Emulation of the original atvery packag
e
with kernel methods
)
\Fld@listcount=\count266
\c@bookmark@seq@number=\count267

(C:\Users\I008526\AppData\Roaming\MiKTeX\tex/latex/rerunfilecheck\rerunfilechec
k.sty
Package: rerunfilecheck 2019/12/05 v1.9 Rerun checks for auxiliary files (HO)

(C:\Users\I008526\AppData\Roaming\MiKTeX\tex/generic/uniquecounter\uniquecounte
r.sty
Package: uniquecounter 2019/12/15 v1.4 Provide unlimited unique counter (HO)
)
Package uniquecounter Info: New unique counter `rerunfilecheck' on input line 2
86.
)
\Hy@SectionHShift=\skip64
)

Class scrbook Warning: Usage of package `tocbibind' together
(scrbook)              with a KOMA-Script class is not recommended.
(scrbook)              I'd suggest to use options like `listof=totoc'
(scrbook)              or `bibliography=totoc', or commands like
(scrbook)              `\setuptoc{toc}{totoc}' instead of this package,
(scrbook)              because it breaks several KOMA-Script features of
(scrbook)              the list of figures, list of tables, bibliography,
(scrbook)              index and the running head.
(scrbook)              Nevertheless, using requested
(scrbook)              package `tocbibind' on input line 13.

(C:\Users\I008526\AppData\Roaming\MiKTeX\tex/latex/tocbibind\tocbibind.sty
Package: tocbibind 2010/10/13 v1.5k extra ToC listings
Package tocbibind Info: The document has chapter divisions on input line 50.


Package tocbibind Note: Using chapter style headings, unless overridden.

) (C:\Program Files\MiKTeX\tex/latex/blindtext\blindtext.sty
Package: blindtext 2012/01/06 V2.0 blindtext-Package

(C:\Program Files\MiKTeX\tex/latex/tools\xspace.sty
Package: xspace 2014/10/28 v1.13 Space after command names (DPC,MH)
)
\c@blindtext=\count268
\c@Blindtext=\count269
\c@blind@countparstart=\count270
\blind@countxx=\count271
\blindtext@numBlindtext=\count272
\blind@countyy=\count273
\c@blindlist=\count274
\c@blindlistlevel=\count275
\c@blindlist@level=\count276
\blind@listitem=\count277
\c@blind@listcount=\count278
\c@blind@levelcount=\count279
\blind@mathformula=\count280
\blind@Mathformula=\count281
\c@blind@randomcount=\count282
\c@blind@randommax=\count283
\c@blind@pangramcount=\count284
\c@blind@pangrammax=\count285
)
(C:\Users\I008526\AppData\Roaming\MiKTeX\tex/latex/subfigure\subfigure.sty
Package: subfigure 2002/07/30 v2.1.4 subfigure package
\subfigtopskip=\skip65
\subfigcapskip=\skip66
\subfigcaptopadj=\dimen145
\subfigbottomskip=\skip67
\subfigcapmargin=\dimen146
\subfiglabelskip=\skip68
\c@subfigure=\count286
\c@lofdepth=\count287
\c@subtable=\count288
\c@lotdepth=\count289

****************************************
* Local config file subfigure.cfg used *
****************************************
(C:\Users\I008526\AppData\Roaming\MiKTeX\tex/latex/subfigure\subfigure.cfg)
\subfig@top=\skip69
\subfig@bottom=\skip70
)
(C:\Users\I008526\AppData\Roaming\MiKTeX\tex/latex/acronym\acronym.sty
Package: acronym 2020/04/17 v1.47 Support for acronyms (Tobias Oetiker)

(C:\Users\I008526\AppData\Roaming\MiKTeX\tex/latex/bigfoot\suffix.sty
Package: suffix 2006/07/15 1.5a Variant command support
)
(C:\Users\I008526\AppData\Roaming\MiKTeX\tex/latex/xstring\xstring.sty
(C:\Users\I008526\AppData\Roaming\MiKTeX\tex/generic/xstring\xstring.tex
\integerpart=\count290
\decimalpart=\count291
)
Package: xstring 2021/07/21 v1.84 String manipulations (CT)
)
\AC@clearlist=\toks17
)
(C:\Program Files\MiKTeX\tex/latex/xcolor\xcolor.sty
Package: xcolor 2016/05/11 v2.12 LaTeX color extensions (UK)

(C:\Program Files\MiKTeX\tex/latex/graphics-cfg\color.cfg
File: color.cfg 2016/01/02 v1.6 sample color configuration
)
Package xcolor Info: Driver file: pdftex.def on input line 225.
Package xcolor Info: Model `cmy' substituted by `cmy0' on input line 1348.
Package xcolor Info: Model `hsb' substituted by `rgb' on input line 1352.
Package xcolor Info: Model `RGB' extended on input line 1364.
Package xcolor Info: Model `HTML' substituted by `rgb' on input line 1366.
Package xcolor Info: Model `Hsb' substituted by `hsb' on input line 1367.
Package xcolor Info: Model `tHsb' substituted by `hsb' on input line 1368.
Package xcolor Info: Model `HSB' substituted by `hsb' on input line 1369.
Package xcolor Info: Model `Gray' substituted by `gray' on input line 1370.
Package xcolor Info: Model `wave' substituted by `hsb' on input line 1371.
)
(C:\Program Files\MiKTeX\tex/latex/listings\listings.sty
\lst@mode=\count292
\lst@gtempboxa=\box52
\lst@token=\toks18
\lst@length=\count293
\lst@currlwidth=\dimen147
\lst@column=\count294
\lst@pos=\count295
\lst@lostspace=\dimen148
\lst@width=\dimen149
\lst@newlines=\count296
\lst@lineno=\count297
\lst@maxwidth=\dimen150

(C:\Program Files\MiKTeX\tex/latex/listings\lstmisc.sty
File: lstmisc.sty 2020/03/24 1.8d (Carsten Heinz)
\c@lstnumber=\count298
\lst@skipnumbers=\count299
\lst@framebox=\box53
)
(C:\Program Files\MiKTeX\tex/latex/listings\listings.cfg
File: listings.cfg 2020/03/24 1.8d listings configuration
))
Package: listings 2020/03/24 1.8d (Carsten Heinz)
Package hyperref Info: Option `bookmarksnumbered' set `true' on input line 32.


Package hyperref Warning: Option `hyperindex' has already been used,
(hyperref)                setting the option has no effect on input line 32.

Package hyperref Info: Option `bookmarksopen' set `true' on input line 32.
(C:\Program Files\MiKTeX\tex/latex/l3backend\l3backend-pdftex.def
File: l3backend-pdftex.def 2021-08-04 L3 backend support: PDF output (pdfTeX)
\l__color_backend_stack_int=\count300
\l__pdf_internal_box=\box54
)
(Internship_Report.aux)
\openout1 = `Internship_Report.aux'.

LaTeX Font Info:    Checking defaults for OML/cmm/m/it on input line 56.
LaTeX Font Info:    ... okay on input line 56.
LaTeX Font Info:    Checking defaults for OMS/cmsy/m/n on input line 56.
LaTeX Font Info:    ... okay on input line 56.
LaTeX Font Info:    Checking defaults for OT1/cmr/m/n on input line 56.
LaTeX Font Info:    ... okay on input line 56.
LaTeX Font Info:    Checking defaults for T1/cmr/m/n on input line 56.
LaTeX Font Info:    ... okay on input line 56.
LaTeX Font Info:    Checking defaults for TS1/cmr/m/n on input line 56.
LaTeX Font Info:    ... okay on input line 56.
LaTeX Font Info:    Checking defaults for OMX/cmex/m/n on input line 56.
LaTeX Font Info:    ... okay on input line 56.
LaTeX Font Info:    Checking defaults for U/cmr/m/n on input line 56.
LaTeX Font Info:    ... okay on input line 56.
LaTeX Font Info:    Checking defaults for PD1/pdf/m/n on input line 56.
LaTeX Font Info:    ... okay on input line 56.
LaTeX Font Info:    Checking defaults for PU/pdf/m/n on input line 56.
LaTeX Font Info:    ... okay on input line 56.
Package scrbase Info: activating english \contentsname on input line 56.
Package scrbase Info: activating english \listfigurename on input line 56.
Package scrbase Info: activating english \listtablename on input line 56.
Package tocbasic Info: usage of `tocbibind' detected on input line 56.

(C:\Program Files\MiKTeX\tex/context/base/mkii\supp-pdf.mkii
[Loading MPS to PDF converter (version 2006.09.02).]
\scratchcounter=\count301
\scratchdimen=\dimen151
\scratchbox=\box55
\nofMPsegments=\count302
\nofMParguments=\count303
\everyMPshowfont=\toks19
\MPscratchCnt=\count304
\MPscratchDim=\dimen152
\MPnumerator=\count305
\makeMPintoPDFobject=\count306
\everyMPtoPDFconversion=\toks20
) (C:\Program Files\MiKTeX\tex/latex/epstopdf-pkg\epstopdf-base.sty
Package: epstopdf-base 2020-01-24 v2.11 Base part for package epstopdf
Package epstopdf-base Info: Redefining graphics rule for `.eps' on input line 4
85.

(C:\Program Files\MiKTeX\tex/latex/00miktex\epstopdf-sys.cfg
File: epstopdf-sys.cfg 2021/03/18 v2.0 Configuration of epstopdf for MiKTeX
))
Package hyperref Info: Link coloring OFF on input line 56.

(C:\Program Files\MiKTeX\tex/latex/hyperref\nameref.sty
Package: nameref 2021-04-02 v2.47 Cross-referencing by name of section

(C:\Users\I008526\AppData\Roaming\MiKTeX\tex/latex/refcount\refcount.sty
Package: refcount 2019/12/15 v3.6 Data extraction from label references (HO)
)
(C:\Users\I008526\AppData\Roaming\MiKTeX\tex/generic/gettitlestring\gettitlestr
ing.sty
Package: gettitlestring 2019/12/15 v1.6 Cleanup title references (HO)
)
\c@section@level=\count307
)
LaTeX Info: Redefining \ref on input line 56.
LaTeX Info: Redefining \pageref on input line 56.
LaTeX Info: Redefining \nameref on input line 56.
 (Internship_Report.out) (Internship_Report.out)
\@outlinefile=\write3
\openout3 = `Internship_Report.out'.

Class scrbook Info: loading recommended package `bookmark'.
(scrbook)           Using `bookmark' together with `hyperref' is recommended,
(scrbook)           because of handling of possible bookmark level gaps.
(scrbook)           You can avoid loading `bookmark' with KOMA-Script option
(scrbook)           `bookmarkpackage=false' before \begin{document} and
(scrbook)           you can avoid this message adding:
(scrbook)             \usepackage{bookmark}
(scrbook)           before \begin{document} on input line 56.

(C:\Users\I008526\AppData\Roaming\MiKTeX\tex/latex/bookmark\bookmark.sty
Package: bookmark 2020-11-06 v1.29 PDF bookmarks (HO)

(C:\Users\I008526\AppData\Roaming\MiKTeX\tex/latex/bookmark\bkm-pdftex.def
File: bkm-pdftex.def 2020-11-06 v1.29 bookmark driver for pdfTeX (HO)
\BKM@id=\count308
))
\c@lstlisting=\count309
<TU_Chemnitz_positiv_gruen.pdf, id=3, 202.89903pt x 132.57831pt>
File: TU_Chemnitz_positiv_gruen.pdf Graphic file (type pdf)
<use TU_Chemnitz_positiv_gruen.pdf>
Package pdftex.def Info: TU_Chemnitz_positiv_gruen.pdf  used on input line 69.
(pdftex.def)             Requested size: 304.3478pt x 198.86696pt.

[1



{C:/Users/I008526/AppData/Local/MiKTeX/pdftex/config/pdftex.map} <./TU_Chemnitz
_positiv_gruen.pdf>] [2


] (Internship_Report.toc
LaTeX Font Info:    External font `cmex10' loaded for size
(Font)              <12> on input line 1.
LaTeX Font Info:    External font `cmex10' loaded for size
(Font)              <8> on input line 1.
LaTeX Font Info:    External font `cmex10' loaded for size
(Font)              <6> on input line 1.
 [3


])
\tf@toc=\write4
\openout4 = `Internship_Report.toc'.

 [4]
(Internship_Report.lof)
\tf@lof=\write5
\openout5 = `Internship_Report.lof'.

 [5


] (Internship_Report.lot)
\tf@lot=\write6
\openout6 = `Internship_Report.lot'.

 [6


]
chapter without number

Class scrbook Warning: \float@addtolists detected!
(scrbook)              Implementation of \float@addtolist became
(scrbook)              deprecated in KOMA-Script v3.01 2008/11/14 and
(scrbook)              has been replaced by several more flexible
(scrbook)              features of package `tocbasic`.
(scrbook)              Since Version 3.12 support for deprecated
(scrbook)              \float@addtolist interface has been
(scrbook)              restricted to only some of the KOMA-Script
(scrbook)              features and been removed from others.
(scrbook)              Loading of package `scrhack' may help to
(scrbook)              avoid this warning, if you are using a
(scrbook)              a package that still implements the
(scrbook)              deprecated \float@addtolist interface.


LaTeX Warning: Hyper reference `acro:ADAS' on page 7 undefined on input line 12
7.


LaTeX Warning: Hyper reference `acro:ADAS' on page 7 undefined on input line 12
7.


LaTeX Warning: Hyper reference `acro:ARP' on page 7 undefined on input line 128
.


LaTeX Warning: Hyper reference `acro:ARP' on page 7 undefined on input line 128
.


LaTeX Warning: Hyper reference `acro:ARXML' on page 7 undefined on input line 1
29.


LaTeX Warning: Hyper reference `acro:ARXML' on page 7 undefined on input line 1
29.


LaTeX Warning: Hyper reference `acro:API' on page 7 undefined on input line 130
.


LaTeX Warning: Hyper reference `acro:API' on page 7 undefined on input line 130
.


LaTeX Warning: Hyper reference `acro:AUTOSAR' on page 7 undefined on input line
 132.


LaTeX Warning: Hyper reference `acro:AUTOSAR' on page 7 undefined on input line
 132.


LaTeX Warning: Hyper reference `acro:AVB' on page 7 undefined on input line 133
.


LaTeX Warning: Hyper reference `acro:AVB' on page 7 undefined on input line 133
.


LaTeX Warning: Hyper reference `acro:BSW' on page 7 undefined on input line 134
.


LaTeX Warning: Hyper reference `acro:BSW' on page 7 undefined on input line 134
.


LaTeX Warning: Hyper reference `acro:CAN' on page 7 undefined on input line 135
.


LaTeX Warning: Hyper reference `acro:CAN' on page 7 undefined on input line 135
.


LaTeX Warning: Hyper reference `acro:CRC' on page 7 undefined on input line 136
.


LaTeX Warning: Hyper reference `acro:CRC' on page 7 undefined on input line 136
.


LaTeX Warning: Hyper reference `acro:DoIP' on page 7 undefined on input line 13
7.


LaTeX Warning: Hyper reference `acro:DoIP' on page 7 undefined on input line 13
7.


LaTeX Warning: Hyper reference `acro:ECU' on page 7 undefined on input line 138
.


LaTeX Warning: Hyper reference `acro:ECU' on page 7 undefined on input line 138
.


LaTeX Warning: Hyper reference `acro:Eth' on page 7 undefined on input line 139
.


LaTeX Warning: Hyper reference `acro:Eth' on page 7 undefined on input line 139
.


LaTeX Warning: Hyper reference `acro:EthIf' on page 7 undefined on input line 1
40.


LaTeX Warning: Hyper reference `acro:EthIf' on page 7 undefined on input line 1
40.


LaTeX Warning: Hyper reference `acro:EthTrcv' on page 7 undefined on input line
 141.


LaTeX Warning: Hyper reference `acro:EthTrcv' on page 7 undefined on input line
 141.


LaTeX Warning: Hyper reference `acro:IEEE' on page 7 undefined on input line 14
2.


LaTeX Warning: Hyper reference `acro:IEEE' on page 7 undefined on input line 14
2.


LaTeX Warning: Hyper reference `acro:IP' on page 7 undefined on input line 143.



LaTeX Warning: Hyper reference `acro:IP' on page 7 undefined on input line 143.



LaTeX Warning: Hyper reference `acro:ISO' on page 7 undefined on input line 145
.


LaTeX Warning: Hyper reference `acro:ISO' on page 7 undefined on input line 145
.


LaTeX Warning: Hyper reference `acro:IVN' on page 7 undefined on input line 146
.


LaTeX Warning: Hyper reference `acro:IVN' on page 7 undefined on input line 146
.


LaTeX Warning: Hyper reference `acro:MAC' on page 7 undefined on input line 147
.


LaTeX Warning: Hyper reference `acro:MAC' on page 7 undefined on input line 147
.


LaTeX Warning: Hyper reference `acro:MCAL' on page 7 undefined on input line 14
8.


LaTeX Warning: Hyper reference `acro:MCAL' on page 7 undefined on input line 14
8.


LaTeX Warning: Hyper reference `acro:MDIO' on page 7 undefined on input line 14
9.


LaTeX Warning: Hyper reference `acro:MDIO' on page 7 undefined on input line 14
9.


LaTeX Warning: Hyper reference `acro:MII' on page 7 undefined on input line 150
.


LaTeX Warning: Hyper reference `acro:MII' on page 7 undefined on input line 150
.


LaTeX Warning: Hyper reference `acro:MOST' on page 7 undefined on input line 15
1.


LaTeX Warning: Hyper reference `acro:MOST' on page 7 undefined on input line 15
1.


LaTeX Warning: Hyper reference `acro:OABR' on page 7 undefined on input line 15
2.


LaTeX Warning: Hyper reference `acro:OABR' on page 7 undefined on input line 15
2.


LaTeX Warning: Hyper reference `acro:Open Alliance SIG' on page 7 undefined on 
input line 153.


LaTeX Warning: Hyper reference `acro:Open Alliance SIG' on page 7 undefined on 
input line 153.


LaTeX Warning: Hyper reference `acro:OEM' on page 7 undefined on input line 154
.


LaTeX Warning: Hyper reference `acro:OEM' on page 7 undefined on input line 154
.


LaTeX Warning: Hyper reference `acro:OS' on page 7 undefined on input line 155.



LaTeX Warning: Hyper reference `acro:OS' on page 7 undefined on input line 155.



LaTeX Warning: Hyper reference `acro:OSI' on page 7 undefined on input line 156
.


LaTeX Warning: Hyper reference `acro:OSI' on page 7 undefined on input line 156
.


LaTeX Warning: Hyper reference `acro:PDU' on page 7 undefined on input line 157
.


LaTeX Warning: Hyper reference `acro:PDU' on page 7 undefined on input line 157
.


LaTeX Warning: Hyper reference `acro:PHY' on page 7 undefined on input line 158
.


LaTeX Warning: Hyper reference `acro:PHY' on page 7 undefined on input line 158
.


LaTeX Warning: Hyper reference `acro:POSIX' on page 7 undefined on input line 1
59.


LaTeX Warning: Hyper reference `acro:POSIX' on page 7 undefined on input line 1
59.


LaTeX Warning: Hyper reference `acro:RTE' on page 7 undefined on input line 160
.


LaTeX Warning: Hyper reference `acro:RTE' on page 7 undefined on input line 160
.


LaTeX Warning: Hyper reference `acro:SDU' on page 7 undefined on input line 161
.


LaTeX Warning: Hyper reference `acro:SDU' on page 7 undefined on input line 161
.


LaTeX Warning: Hyper reference `acro:SoAd' on page 7 undefined on input line 16
2.


LaTeX Warning: Hyper reference `acro:SoAd' on page 7 undefined on input line 16
2.


LaTeX Warning: Hyper reference `acro:SOME/IP' on page 7 undefined on input line
 163.


LaTeX Warning: Hyper reference `acro:SOME/IP' on page 7 undefined on input line
 163.


LaTeX Warning: Hyper reference `acro:SWC' on page 7 undefined on input line 164
.


LaTeX Warning: Hyper reference `acro:SWC' on page 7 undefined on input line 164
.


LaTeX Warning: Hyper reference `acro:TCP' on page 7 undefined on input line 165
.


LaTeX Warning: Hyper reference `acro:TCP' on page 7 undefined on input line 165
.


LaTeX Warning: Hyper reference `acro:UDP' on page 7 undefined on input line 166
.


LaTeX Warning: Hyper reference `acro:UDP' on page 7 undefined on input line 166
.


LaTeX Warning: Hyper reference `acro:V2X' on page 7 undefined on input line 167
.


LaTeX Warning: Hyper reference `acro:V2X' on page 7 undefined on input line 167
.

[7



] [8

]
chapter 1.
(src/intro.tex) [9



]
chapter 2.
(src/literature_survey.tex (src/communication_technologies_table.tex
LaTeX Font Info:    Trying to load font information for OML+cmr on input line 6
.

(C:\Program Files\MiKTeX\tex/latex/base\omlcmr.fd
File: omlcmr.fd 2019/12/16 v2.5j Standard LaTeX font definitions
)
LaTeX Font Info:    Font shape `OML/cmr/m/n' in size <12> not available
(Font)              Font shape `OML/cmm/m/it' tried instead on input line 6.
)
<images/Switched_Ethernet_backbone.png, id=193, 652.25194pt x 332.19908pt>
File: images/Switched_Ethernet_backbone.png Graphic file (type png)
<use images/Switched_Ethernet_backbone.png>
Package pdftex.def Info: images/Switched_Ethernet_backbone.png  used on input l
ine 12.
(pdftex.def)             Requested size: 426.7914pt x 217.36642pt.
 [10


]
<images/SOMEIP_Middleware.png, id=206, 783.92876pt x 419.5675pt>
File: images/SOMEIP_Middleware.png Graphic file (type png)
<use images/SOMEIP_Middleware.png>
Package pdftex.def Info: images/SOMEIP_Middleware.png  used on input line 29.
(pdftex.def)             Requested size: 426.7914pt x 228.42607pt.
<images/Request-response.png, id=207, 357.335pt x 251.94125pt>
File: images/Request-response.png Graphic file (type png)
<use images/Request-response.png>
Package pdftex.def Info: images/Request-response.png  used on input line 42.
(pdftex.def)             Requested size: 357.33412pt x 251.94063pt.
<images/fire-forget.png, id=208, 357.335pt x 251.94125pt>
File: images/fire-forget.png Graphic file (type png)
<use images/fire-forget.png>
Package pdftex.def Info: images/fire-forget.png  used on input line 51.
(pdftex.def)             Requested size: 357.33412pt x 251.94063pt.
<images/Events.png, id=209, 372.39125pt x 241.90375pt>
File: images/Events.png Graphic file (type png)
<use images/Events.png>
Package pdftex.def Info: images/Events.png  used on input line 58.
(pdftex.def)             Requested size: 372.39034pt x 241.90315pt.
<images/Field.png, id=210, 372.39125pt x 241.90375pt>
File: images/Field.png Graphic file (type png)
<use images/Field.png>
Package pdftex.def Info: images/Field.png  used on input line 65.
(pdftex.def)             Requested size: 372.39034pt x 241.90315pt.
) [11 <./images/Switched_Ethernet_backbone.png>] [12 <./images/SOMEIP_Middlewar
e.png> <./images/Request-response.png>] [13 <./images/fire-forget.png> <./image
s/Events.png>] [14 <./images/Field.png>]
chapter 3.
(src/implementation.tex
<images/SOMEIP_concept.png, id=238, 1487.5575pt x 584.1825pt>
File: images/SOMEIP_concept.png Graphic file (type png)
<use images/SOMEIP_concept.png>
Package pdftex.def Info: images/SOMEIP_concept.png  used on input line 7.
(pdftex.def)             Requested size: 426.7914pt x 167.60797pt.
<images/Visual_representation_of_hardware_setup.png, id=239, 711.65875pt x 245.
91875pt>
File: images/Visual_representation_of_hardware_setup.png Graphic file (type png
)
<use images/Visual_representation_of_hardware_setup.png>
Package pdftex.def Info: images/Visual_representation_of_hardware_setup.png  us
ed on input line 14.
(pdftex.def)             Requested size: 426.7914pt x 147.47733pt.
 [15


 <./images/SOMEIP_concept.png> <./images/Visual_representation_of_hardware_setu
p.png>] [16]
(C:\Program Files\MiKTeX\tex/latex/listings\lstlang1.sty
File: lstlang1.sty 2020/03/24 1.8d listings language file
)
(C:\Program Files\MiKTeX\tex/latex/listings\lstlang1.sty
File: lstlang1.sty 2020/03/24 1.8d listings language file
)
Package hyperref Info: bookmark level for unknown lstlisting defaults to 0 on i
nput line 51.
LaTeX Font Info:    Trying to load font information for TS1+cmtt on input line 
52.

(C:\Program Files\MiKTeX\tex/latex/base\ts1cmtt.fd
File: ts1cmtt.fd 2019/12/16 v2.5j Standard LaTeX font definitions
)
Overfull \hbox (32.63261pt too wide) in paragraph at lines 52--53
[][][][][][][][][][][][][][][][][][][][][][][] 
 []


Overfull \hbox (17.81248pt too wide) in paragraph at lines 57--58
[][][][][][][][][][][][][][][][][][][][][][][] 
 []

) [17] [18]
chapter 4.
(src/results.tex) [19


]
chapter 5.
(src/conclusion.tex)
No file Internship_Report.ind.
[20


]
Underfull \hbox (badness 1320) in paragraph at lines 234--235
\OT1/cmr/m/n/12 the Au-to-mo-tive In-dus-try," 2019 IEEE In-ter-na-tional Con-f
er-ence on En-
 []


Underfull \hbox (badness 1137) in paragraph at lines 234--235
\OT1/cmr/m/n/12 gi-neer-ing, Tech-nol-ogy and In-no-va-tion (ICE/ITMC), 2019, p
p. 1-6, doi:
 []


Underfull \hbox (badness 3128) in paragraph at lines 238--239
\OT1/cmr/m/n/12 31-Mar-2014. [On-line]. Avail-able: https:[]$\OT1/cmtt/m/n/12 /
 / www . autosar . org / fileadmin /
 []


Underfull \hbox (badness 10000) in paragraph at lines 238--239
\OT1/cmtt/m/n/12 user _ upload / standards / classic / 4-[]1 / AUTOSAR _ TR _ S
omeIpExample . pdf$[]\OT1/cmr/m/n/12 .
 []

[21


]
Underfull \hbox (badness 1596) in paragraph at lines 265--266
\OT1/cmr/m/n/12 [On-line]. Avail-able: []$\OT1/cmtt/m/n/12 https : / / www . au
tosar . org / fileadmin / user _ upload /
 []


Underfull \hbox (badness 10000) in paragraph at lines 265--266
\OT1/cmtt/m/n/12 standards / classic / 4-[]3 / AUTOSAR _ EXP _ LayeredSoftwareA
rchitecture .
 []


Underfull \hbox (badness 10000) in paragraph at lines 267--268
\OT1/cmtt/m/n/12 upload / standards / classic / 4-[]3 / AUTOSAR _ SWS _ Etherne
tSwitchDriver .
 []


Underfull \hbox (badness 1596) in paragraph at lines 269--270
\OT1/cmr/m/n/12 [On-line]. Avail-able: []$\OT1/cmtt/m/n/12 https : / / www . au
tosar . org / fileadmin / user _ upload /
 []


Underfull \hbox (badness 1596) in paragraph at lines 271--272
\OT1/cmr/m/n/12 [On-line]. Avail-able: []$\OT1/cmtt/m/n/12 https : / / www . au
tosar . org / fileadmin / user _ upload /
 []

[22] [23] (Internship_Report.aux)

LaTeX Warning: There were undefined references.

Package rerunfilecheck Info: File `Internship_Report.out' has not changed.
(rerunfilecheck)             Checksum: D41D8CD98F00B204E9800998ECF8427E;0.
 ) 
Here is how much of TeX's memory you used:
 14662 strings out of 478868
 242670 string characters out of 2858660
 893271 words of memory out of 3000000
 32215 multiletter control sequences out of 15000+600000
 410323 words of font info for 50 fonts, out of 8000000 for 9000
 1141 hyphenation exceptions out of 8191
 108i,8n,108p,10614b,1408s stack positions out of 5000i,500n,10000p,200000b,80000s
 <C:\Users\I008526\AppData\Local\MiKTeX\fonts/pk/ljfour/jknappen/ec/dpi600\tc
tt1200.pk> <C:\Users\I008526\AppData\Local\MiKTeX\fonts/pk/ljfour/jknappen/ec/d
pi600\tcrm1200.pk><C:/Program Files/MiKTeX/fonts/type1/public/amsfonts/cm/cmbx1
2.pfb><C:/Program Files/MiKTeX/fonts/type1/public/amsfonts/cm/cmmi12.pfb><C:/Pr
ogram Files/MiKTeX/fonts/type1/public/amsfonts/cm/cmr12.pfb><C:/Program Files/M
iKTeX/fonts/type1/public/amsfonts/cm/cmr17.pfb><C:/Program Files/MiKTeX/fonts/t
ype1/public/amsfonts/cm/cmsl12.pfb><C:/Program Files/MiKTeX/fonts/type1/public/
amsfonts/cm/cmssbx10.pfb><C:/Program Files/MiKTeX/fonts/type1/public/amsfonts/c
m/cmtt12.pfb>
Output written on Internship_Report.pdf (23 pages, 480351 bytes).
PDF statistics:
 513 PDF objects out of 1000 (max. 8388607)
 154 named destinations out of 1000 (max. 500000)
 326 words of extra memory for PDF output out of 10000 (max. 10000000)

