This is pdfTeX, Version 3.141592653-2.6-1.40.24 (MiKTeX 21.12) (preloaded format=pdflatex 2022.3.11)  11 MAR 2022 13:18
entering extended mode
 restricted \write18 enabled.
 %&-line parsing enabled.
**./Template.tex
(Template.tex
LaTeX2e <2021-11-15> patch level 1
L3 programming layer <2021-11-22>
(D:\Program Files\MiKTeX\tex/latex/koma-script\scrbook.cls
Document Class: scrbook 2021/11/13 v3.35 KOMA-Script document class (book)
(D:\Program Files\MiKTeX\tex/latex/koma-script\scrkbase.sty
Package: scrkbase 2021/11/13 v3.35 KOMA-Script package (KOMA-Script-dependent b
asics and keyval usage)

(D:\Program Files\MiKTeX\tex/latex/koma-script\scrbase.sty
Package: scrbase 2021/11/13 v3.35 KOMA-Script package (KOMA-Script-independent 
basics and keyval usage)

(D:\Program Files\MiKTeX\tex/latex/koma-script\scrlfile.sty
Package: scrlfile 2021/11/13 v3.35 KOMA-Script package (file load hooks)

(D:\Program Files\MiKTeX\tex/latex/koma-script\scrlfile-hook.sty
Package: scrlfile-hook 2021/11/13 v3.35 KOMA-Script package (using LaTeX hooks)


(D:\Program Files\MiKTeX\tex/latex/koma-script\scrlogo.sty
Package: scrlogo 2021/11/13 v3.35 KOMA-Script package (logo)
)))
(D:\Program Files\MiKTeX\tex/latex/graphics\keyval.sty
Package: keyval 2014/10/28 v1.15 key=value parser (DPC)
\KV@toks@=\toks16
)
Applying: [2021/05/01] Usage of raw or classic option list on input line 252.
Already applied: [0000/00/00] Usage of raw or classic option list on input line
 368.
))
(D:\Program Files\MiKTeX\tex/latex/koma-script\tocbasic.sty
Package: tocbasic 2021/11/13 v3.35 KOMA-Script package (handling toc-files)
\scr@dte@tocline@numberwidth=\skip47
\scr@dte@tocline@numbox=\box50
)
Package tocbasic Info: babel extension for `toc' omitted
(tocbasic)             because of missing \bbl@set@language on input line 137.
Package scrbook Info: You've used standard option `12pt'.
(scrbook)             This is correct!
(scrbook)             Internally I'm using `fontsize=12pt'.
(scrbook)             If you'd like to set the option with \KOMAoptions,
(scrbook)             you'd have to use `fontsize=12pt' there
(scrbook)             instead of `12pt', too.
Class scrbook Info: You've used standard option `oneside'.
(scrbook)           This is correct!
(scrbook)           Internally I'm using `twoside=false'.
(scrbook)           If you'd like to set the option with \KOMAoptions,
(scrbook)           you'd have to use `twoside=false' there
(scrbook)           instead of `oneside', too.
Class scrbook Info: File `scrsize12pt.clo' used to setup font sizes on input li
ne 2490.

(D:\Program Files\MiKTeX\tex/latex/koma-script\scrsize12pt.clo
File: scrsize12pt.clo 2021/11/13 v3.35 KOMA-Script font size class option (12pt
)
)
(D:\Program Files\MiKTeX\tex/latex/koma-script\typearea.sty
Package: typearea 2021/11/13 v3.35 KOMA-Script package (type area)
\ta@bcor=\skip48
\ta@div=\count183
Package typearea Info: You've used standard option `a4paper'.
(typearea)             This is correct!
(typearea)             Internally I'm using `paper=a4'.
(typearea)             If you'd like to set the option with \KOMAoptions,
(typearea)             you'd have to use `paper=a4' there
(typearea)             instead of `a4paper', too.
Package typearea Info: You've used standard option `oneside'.
(typearea)             This is correct!
(typearea)             Internally I'm using `twoside=false'.
(typearea)             If you'd like to set the option with \KOMAoptions,
(typearea)             you'd have to use `twoside=false' there
(typearea)             instead of `oneside', too.


Package typearea Warning: You've used obsolete option `BCOR1cm'.
(typearea)                Usage of this option indicates an old document
(typearea)                and changes compatibility level using
(typearea)                `BCOR=1cm,version=first,
(typearea)                enabledeprecatedfontcommands' that may result
(typearea)                in further warnings.
(typearea)                If you don't want this, you should simply
(typearea)                replace option `BCOR1cm' by `BCOR=1cm'.

Package typearea Info: Switching compatibility level to `first'.
\ta@hblk=\skip49
\ta@vblk=\skip50
\ta@temp=\skip51
\footheight=\skip52
Package typearea Info: These are the values describing the layout:
(typearea)             DIV  = 12
(typearea)             BCOR = 28.45274pt
(typearea)             \paperwidth      = 597.50793pt
(typearea)              \textwidth      = 426.7914pt
(typearea)              DIV departure   = -1%
(typearea)              \evensidemargin = 27.31465pt
(typearea)              \oddsidemargin  = 27.31465pt
(typearea)             \paperheight     = 845.04694pt
(typearea)              \textheight     = 635.5pt
(typearea)              \topmargin      = -41.72441pt
(typearea)              \headheight     = 18.125pt
(typearea)              \headsep        = 21.75pt
(typearea)              \topskip        = 12.0pt
(typearea)              \footskip       = 50.75pt
(typearea)              \baselineskip   = 14.5pt
(typearea)              on input line 1743.
)
\c@part=\count184
\c@chapter=\count185
\c@section=\count186
\c@subsection=\count187
\c@subsubsection=\count188
\c@paragraph=\count189
\c@subparagraph=\count190
\scr@dte@chapter@maxnumwidth=\skip53
Class scrbook Info: using compatibility default `afterindent=bysign'
(scrbook)           for `\chapter on input line 5715.
\scr@dte@section@maxnumwidth=\skip54
Class scrbook Info: using compatibility default `runin=bysign'
(scrbook)           for `\section on input line 5726.
Class scrbook Info: using compatibility default `afterindent=bysign'
(scrbook)           for `\section on input line 5726.
\scr@dte@part@maxnumwidth=\skip55
Class scrbook Info: using compatibility default `afterindent=true'
(scrbook)           for `\part on input line 5735.
\scr@dte@subsection@maxnumwidth=\skip56
Class scrbook Info: using compatibility default `runin=bysign'
(scrbook)           for `\subsection on input line 5745.
Class scrbook Info: using compatibility default `afterindent=bysign'
(scrbook)           for `\subsection on input line 5745.
\scr@dte@subsubsection@maxnumwidth=\skip57
Class scrbook Info: using compatibility default `runin=bysign'
(scrbook)           for `\subsubsection on input line 5755.
Class scrbook Info: using compatibility default `afterindent=bysign'
(scrbook)           for `\subsubsection on input line 5755.
\scr@dte@paragraph@maxnumwidth=\skip58
Class scrbook Info: using compatibility default `runin=bysign'
(scrbook)           for `\paragraph on input line 5766.
Class scrbook Info: using compatibility default `afterindent=bysign'
(scrbook)           for `\paragraph on input line 5766.
\scr@dte@subparagraph@maxnumwidth=\skip59
Class scrbook Info: using compatibility default `runin=bysign'
(scrbook)           for `\subparagraph on input line 5776.
Class scrbook Info: using compatibility default `afterindent=bysign'
(scrbook)           for `\subparagraph on input line 5776.
\abovecaptionskip=\skip60
\belowcaptionskip=\skip61
\c@pti@nb@sid@b@x=\box51
Package tocbasic Info: babel extension for `lof' omitted
(tocbasic)             because of missing \bbl@set@language on input line 6962.

\scr@dte@figure@maxnumwidth=\skip62
\c@figure=\count191
Package tocbasic Info: babel extension for `lot' omitted
(tocbasic)             because of missing \bbl@set@language on input line 6978.

\scr@dte@table@maxnumwidth=\skip63
\c@table=\count192
Class scrbook Info: Redefining `\numberline' on input line 7146.
\bibindent=\dimen138
) (D:\Program Files\MiKTeX\tex/latex/graphics\graphicx.sty
Package: graphicx 2021/09/16 v1.2d Enhanced LaTeX Graphics (DPC,SPQR)

(D:\Program Files\MiKTeX\tex/latex/graphics\graphics.sty
Package: graphics 2021/03/04 v1.4d Standard LaTeX Graphics (DPC,SPQR)

(D:\Program Files\MiKTeX\tex/latex/graphics\trig.sty
Package: trig 2021/08/11 v1.11 sin cos tan (DPC)
)
(D:\Program Files\MiKTeX\tex/latex/graphics-cfg\graphics.cfg
File: graphics.cfg 2016/06/04 v1.11 sample graphics configuration
)
Package graphics Info: Driver file: pdftex.def on input line 107.

(D:\Program Files\MiKTeX\tex/latex/graphics-def\pdftex.def
File: pdftex.def 2020/10/05 v1.2a Graphics/color driver for pdftex
))
\Gin@req@height=\dimen139
\Gin@req@width=\dimen140
)
(D:\Program Files\MiKTeX\tex/latex/base\makeidx.sty
Package: makeidx 2021/10/04 v1.0m Standard LaTeX package
)
(D:\Program Files\MiKTeX\tex/latex/hyperref\hyperref.sty
Package: hyperref 2021-06-07 v7.00m Hypertext links for LaTeX

(D:\Program Files\MiKTeX\tex/generic/ltxcmds\ltxcmds.sty
Package: ltxcmds 2020-05-10 v1.25 LaTeX kernel commands for general use (HO)
)
(D:\Program Files\MiKTeX\tex/generic/iftex\iftex.sty
Package: iftex 2020/03/06 v1.0d TeX engine tests
)
(D:\Program Files\MiKTeX\tex/generic/pdftexcmds\pdftexcmds.sty
Package: pdftexcmds 2020-06-27 v0.33 Utility functions of pdfTeX for LuaTeX (HO
)

(D:\Program Files\MiKTeX\tex/generic/infwarerr\infwarerr.sty
Package: infwarerr 2019/12/03 v1.5 Providing info/warning/error messages (HO)
)
Package pdftexcmds Info: \pdf@primitive is available.
Package pdftexcmds Info: \pdf@ifprimitive is available.
Package pdftexcmds Info: \pdfdraftmode found.
)
(D:\Program Files\MiKTeX\tex/generic/kvsetkeys\kvsetkeys.sty
Package: kvsetkeys 2019/12/15 v1.18 Key value parser (HO)
)
(D:\Program Files\MiKTeX\tex/generic/kvdefinekeys\kvdefinekeys.sty
Package: kvdefinekeys 2019-12-19 v1.6 Define keys (HO)
)
(D:\Program Files\MiKTeX\tex/generic/pdfescape\pdfescape.sty
Package: pdfescape 2019/12/09 v1.15 Implements pdfTeX's escape features (HO)
)
(D:\Program Files\MiKTeX\tex/latex/hycolor\hycolor.sty
Package: hycolor 2020-01-27 v1.10 Color options for hyperref/bookmark (HO)
)
(D:\Program Files\MiKTeX\tex/latex/letltxmacro\letltxmacro.sty
Package: letltxmacro 2019/12/03 v1.6 Let assignment for LaTeX macros (HO)
)
(D:\Program Files\MiKTeX\tex/latex/auxhook\auxhook.sty
Package: auxhook 2019-12-17 v1.6 Hooks for auxiliary files (HO)
)
(D:\Program Files\MiKTeX\tex/latex/kvoptions\kvoptions.sty
Package: kvoptions 2020-10-07 v3.14 Key value format for package options (HO)
)
\@linkdim=\dimen141
\Hy@linkcounter=\count193
\Hy@pagecounter=\count194

(D:\Program Files\MiKTeX\tex/latex/hyperref\pd1enc.def
File: pd1enc.def 2021-06-07 v7.00m Hyperref: PDFDocEncoding definition (HO)
Now handling font encoding PD1 ...
... no UTF-8 mapping file for font encoding PD1
)
(D:\Program Files\MiKTeX\tex/latex/hyperref\hyperref-langpatches.def
File: hyperref-langpatches.def 2021-06-07 v7.00m Hyperref: patches for babel la
nguages
)
(D:\Program Files\MiKTeX\tex/generic/intcalc\intcalc.sty
Package: intcalc 2019/12/15 v1.3 Expandable calculations with integers (HO)
)
(D:\Program Files\MiKTeX\tex/generic/etexcmds\etexcmds.sty
Package: etexcmds 2019/12/15 v1.7 Avoid name clashes with e-TeX commands (HO)
)
\Hy@SavedSpaceFactor=\count195

(D:\Program Files\MiKTeX\tex/latex/hyperref\puenc.def
File: puenc.def 2021-06-07 v7.00m Hyperref: PDF Unicode definition (HO)
Now handling font encoding PU ...
... no UTF-8 mapping file for font encoding PU
)
Package hyperref Info: Option `colorlinks' set `false' on input line 4073.
Package hyperref Info: Hyper figures OFF on input line 4192.
Package hyperref Info: Link nesting OFF on input line 4197.
Package hyperref Info: Hyper index ON on input line 4200.
Package hyperref Info: Plain pages OFF on input line 4207.
Package hyperref Info: Backreferencing OFF on input line 4212.
Package hyperref Info: Implicit mode ON; LaTeX internals redefined.
Package hyperref Info: Bookmarks ON on input line 4445.
\c@Hy@tempcnt=\count196

(D:\Program Files\MiKTeX\tex/latex/url\url.sty
\Urlmuskip=\muskip16
Package: url 2013/09/16  ver 3.4  Verb mode for urls, etc.
)
LaTeX Info: Redefining \url on input line 4804.
\XeTeXLinkMargin=\dimen142

(D:\Program Files\MiKTeX\tex/generic/bitset\bitset.sty
Package: bitset 2019/12/09 v1.3 Handle bit-vector datatype (HO)

(D:\Program Files\MiKTeX\tex/generic/bigintcalc\bigintcalc.sty
Package: bigintcalc 2019/12/15 v1.5 Expandable calculations on big integers (HO
)
))
\Fld@menulength=\count197
\Field@Width=\dimen143
\Fld@charsize=\dimen144
Package hyperref Info: Hyper figures OFF on input line 6076.
Package hyperref Info: Link nesting OFF on input line 6081.
Package hyperref Info: Hyper index ON on input line 6084.
Package hyperref Info: backreferencing OFF on input line 6091.
Package hyperref Info: Link coloring OFF on input line 6096.
Package hyperref Info: Link coloring with OCG OFF on input line 6101.
Package hyperref Info: PDF/A mode OFF on input line 6106.
LaTeX Info: Redefining \ref on input line 6146.
LaTeX Info: Redefining \pageref on input line 6150.

(D:\Program Files\MiKTeX\tex/latex/base\atbegshi-ltx.sty
Package: atbegshi-ltx 2021/01/10 v1.0c Emulation of the original atbegshi
package with kernel methods
)
\Hy@abspage=\count198
\c@Item=\count199
\c@Hfootnote=\count266
)
Package hyperref Info: Driver (autodetected): hpdftex.

(D:\Program Files\MiKTeX\tex/latex/hyperref\hpdftex.def
File: hpdftex.def 2021-06-07 v7.00m Hyperref driver for pdfTeX

(D:\Program Files\MiKTeX\tex/latex/base\atveryend-ltx.sty
Package: atveryend-ltx 2020/08/19 v1.0a Emulation of the original atveryend pac
kage
with kernel methods
)
\Fld@listcount=\count267
\c@bookmark@seq@number=\count268

(D:\Program Files\MiKTeX\tex/latex/rerunfilecheck\rerunfilecheck.sty
Package: rerunfilecheck 2019/12/05 v1.9 Rerun checks for auxiliary files (HO)

(D:\Program Files\MiKTeX\tex/generic/uniquecounter\uniquecounter.sty
Package: uniquecounter 2019/12/15 v1.4 Provide unlimited unique counter (HO)
)
Package uniquecounter Info: New unique counter `rerunfilecheck' on input line 2
86.
)
\Hy@SectionHShift=\skip64
)

Class scrbook Warning: Usage of package `tocbibind' together
(scrbook)              with a KOMA-Script class is not recommended.
(scrbook)              I'd suggest to use options like `listof=totoc'
(scrbook)              or `bibliography=totoc', or commands like
(scrbook)              `\setuptoc{toc}{totoc}' instead of this package,
(scrbook)              because it breaks several KOMA-Script features of
(scrbook)              the list of figures, list of tables, bibliography,
(scrbook)              index and the running head.
(scrbook)              Nevertheless, using requested
(scrbook)              package `tocbibind' on input line 13.

(D:\Program Files\MiKTeX\tex/latex/tocbibind\tocbibind.sty
Package: tocbibind 2010/10/13 v1.5k extra ToC listings
Package tocbibind Info: The document has chapter divisions on input line 50.


Package tocbibind Note: Using chapter style headings, unless overridden.

) (D:\Program Files\MiKTeX\tex/latex/blindtext\blindtext.sty
Package: blindtext 2012/01/06 V2.0 blindtext-Package

(D:\Program Files\MiKTeX\tex/latex/tools\xspace.sty
Package: xspace 2014/10/28 v1.13 Space after command names (DPC,MH)
)
\c@blindtext=\count269
\c@Blindtext=\count270
\c@blind@countparstart=\count271
\blind@countxx=\count272
\blindtext@numBlindtext=\count273
\blind@countyy=\count274
\c@blindlist=\count275
\c@blindlistlevel=\count276
\c@blindlist@level=\count277
\blind@listitem=\count278
\c@blind@listcount=\count279
\c@blind@levelcount=\count280
\blind@mathformula=\count281
\blind@Mathformula=\count282
\c@blind@randomcount=\count283
\c@blind@randommax=\count284
\c@blind@pangramcount=\count285
\c@blind@pangrammax=\count286
)
(D:\Program Files\MiKTeX\tex/latex/subfigure\subfigure.sty
Package: subfigure 2002/07/30 v2.1.4 subfigure package
\subfigtopskip=\skip65
\subfigcapskip=\skip66
\subfigcaptopadj=\dimen145
\subfigbottomskip=\skip67
\subfigcapmargin=\dimen146
\subfiglabelskip=\skip68
\c@subfigure=\count287
\c@lofdepth=\count288
\c@subtable=\count289
\c@lotdepth=\count290

****************************************
* Local config file subfigure.cfg used *
****************************************
(D:\Program Files\MiKTeX\tex/latex/subfigure\subfigure.cfg)
\subfig@top=\skip69
\subfig@bottom=\skip70
)
(D:\Program Files\MiKTeX\tex/latex/acronym\acronym.sty
Package: acronym 2020/04/17 v1.47 Support for acronyms (Tobias Oetiker)

(D:\Program Files\MiKTeX\tex/latex/bigfoot\suffix.sty
Package: suffix 2006/07/15 1.5a Variant command support
)
(D:\Program Files\MiKTeX\tex/latex/xstring\xstring.sty
(D:\Program Files\MiKTeX\tex/generic/xstring\xstring.tex
\integerpart=\count291
\decimalpart=\count292
)
Package: xstring 2021/07/21 v1.84 String manipulations (CT)
)
\AC@clearlist=\toks17
)
Package hyperref Info: Option `bookmarksnumbered' set `true' on input line 24.


Package hyperref Warning: Option `hyperindex' has already been used,
(hyperref)                setting the option has no effect on input line 24.

Package hyperref Info: Option `bookmarksopen' set `true' on input line 24.
(D:\Program Files\MiKTeX\tex/latex/l3backend\l3backend-pdftex.def
File: l3backend-pdftex.def 2021-10-18 L3 backend support: PDF output (pdfTeX)
\l__color_backend_stack_int=\count293
\l__pdf_internal_box=\box52
)
(Template.aux)
\openout1 = `Template.aux'.

LaTeX Font Info:    Checking defaults for OML/cmm/m/it on input line 48.
LaTeX Font Info:    ... okay on input line 48.
LaTeX Font Info:    Checking defaults for OMS/cmsy/m/n on input line 48.
LaTeX Font Info:    ... okay on input line 48.
LaTeX Font Info:    Checking defaults for OT1/cmr/m/n on input line 48.
LaTeX Font Info:    ... okay on input line 48.
LaTeX Font Info:    Checking defaults for T1/cmr/m/n on input line 48.
LaTeX Font Info:    ... okay on input line 48.
LaTeX Font Info:    Checking defaults for TS1/cmr/m/n on input line 48.
LaTeX Font Info:    ... okay on input line 48.
LaTeX Font Info:    Checking defaults for OMX/cmex/m/n on input line 48.
LaTeX Font Info:    ... okay on input line 48.
LaTeX Font Info:    Checking defaults for U/cmr/m/n on input line 48.
LaTeX Font Info:    ... okay on input line 48.
LaTeX Font Info:    Checking defaults for PD1/pdf/m/n on input line 48.
LaTeX Font Info:    ... okay on input line 48.
LaTeX Font Info:    Checking defaults for PU/pdf/m/n on input line 48.
LaTeX Font Info:    ... okay on input line 48.
Package scrbase Info: activating english \contentsname on input line 48.
Package scrbase Info: activating english \listfigurename on input line 48.
Package scrbase Info: activating english \listtablename on input line 48.
Package tocbasic Info: usage of `tocbibind' detected on input line 48.
 (D:\Program Files\MiKTeX\tex/context/base/mkii\supp-pdf.mkii
[Loading MPS to PDF converter (version 2006.09.02).]
\scratchcounter=\count294
\scratchdimen=\dimen147
\scratchbox=\box53
\nofMPsegments=\count295
\nofMParguments=\count296
\everyMPshowfont=\toks18
\MPscratchCnt=\count297
\MPscratchDim=\dimen148
\MPnumerator=\count298
\makeMPintoPDFobject=\count299
\everyMPtoPDFconversion=\toks19
) (D:\Program Files\MiKTeX\tex/latex/epstopdf-pkg\epstopdf-base.sty
Package: epstopdf-base 2020-01-24 v2.11 Base part for package epstopdf
Package epstopdf-base Info: Redefining graphics rule for `.eps' on input line 4
85.

(D:\Program Files\MiKTeX\tex/latex/00miktex\epstopdf-sys.cfg
File: epstopdf-sys.cfg 2021/03/18 v2.0 Configuration of epstopdf for MiKTeX
))
Package hyperref Info: Link coloring OFF on input line 48.

(D:\Program Files\MiKTeX\tex/latex/hyperref\nameref.sty
Package: nameref 2021-04-02 v2.47 Cross-referencing by name of section

(D:\Program Files\MiKTeX\tex/latex/refcount\refcount.sty
Package: refcount 2019/12/15 v3.6 Data extraction from label references (HO)
)
(D:\Program Files\MiKTeX\tex/generic/gettitlestring\gettitlestring.sty
Package: gettitlestring 2019/12/15 v1.6 Cleanup title references (HO)
)
\c@section@level=\count300
)
LaTeX Info: Redefining \ref on input line 48.
LaTeX Info: Redefining \pageref on input line 48.
LaTeX Info: Redefining \nameref on input line 48.

(Template.out) (Template.out)
\@outlinefile=\write3
\openout3 = `Template.out'.

Class scrbook Info: loading recommended package `bookmark'.
(scrbook)           Using `bookmark' together with `hyperref' is recommended,
(scrbook)           because of handling of possible bookmark level gaps.
(scrbook)           You can avoid loading `bookmark' with KOMA-Script option
(scrbook)           `bookmarkpackage=false' before \begin{document} and
(scrbook)           you can avoid this message adding:
(scrbook)             \usepackage{bookmark}
(scrbook)           before \begin{document} on input line 48.

(D:\Program Files\MiKTeX\tex/latex/bookmark\bookmark.sty
Package: bookmark 2020-11-06 v1.29 PDF bookmarks (HO)

(D:\Program Files\MiKTeX\tex/latex/bookmark\bkm-pdftex.def
File: bkm-pdftex.def 2020-11-06 v1.29 bookmark driver for pdfTeX (HO)
\BKM@id=\count301
))
<TU_Chemnitz_positiv_gruen.pdf, id=3, 202.89903pt x 132.57831pt>
File: TU_Chemnitz_positiv_gruen.pdf Graphic file (type pdf)
<use TU_Chemnitz_positiv_gruen.pdf>
Package pdftex.def Info: TU_Chemnitz_positiv_gruen.pdf  used on input line 61.
(pdftex.def)             Requested size: 304.3478pt x 198.86696pt.
 [1



{C:/ProgramData/MiKTeX/fonts/map/pdftex/pdftex.map} <./TU_Chemnitz_positiv_grue
n.pdf>]
Underfull \hbox (badness 10000) in paragraph at lines 97--99

 []

[2


] (Template.toc
LaTeX Font Info:    External font `cmex10' loaded for size
(Font)              <12> on input line 1.
LaTeX Font Info:    External font `cmex10' loaded for size
(Font)              <8> on input line 1.
LaTeX Font Info:    External font `cmex10' loaded for size
(Font)              <6> on input line 1.
)
\tf@toc=\write4
\openout4 = `Template.toc'.

 [3


] (Template.lof)
\tf@lof=\write5
\openout5 = `Template.lof'.

 [4


] (Template.lot)
\tf@lot=\write6
\openout6 = `Template.lot'.

 [5


]
chapter without number

LaTeX Warning: Hyper reference `acro:KDE' on page 6 undefined on input line 114
.


LaTeX Warning: Hyper reference `acro:KDE' on page 6 undefined on input line 114
.


LaTeX Warning: Hyper reference `acro:SQL' on page 6 undefined on input line 115
.


LaTeX Warning: Hyper reference `acro:SQL' on page 6 undefined on input line 115
.


LaTeX Warning: Hyper reference `acro:Bash' on page 6 undefined on input line 11
6.


LaTeX Warning: Hyper reference `acro:Bash' on page 6 undefined on input line 11
6.


LaTeX Warning: Hyper reference `acro:JDK' on page 6 undefined on input line 117
.


LaTeX Warning: Hyper reference `acro:JDK' on page 6 undefined on input line 117
.


LaTeX Warning: Hyper reference `acro:VM' on page 6 undefined on input line 118.



LaTeX Warning: Hyper reference `acro:VM' on page 6 undefined on input line 118.



LaTeX Warning: Hyper reference `acro:I2C' on page 6 undefined on input line 119
.


LaTeX Warning: Hyper reference `acro:I2C' on page 6 undefined on input line 119
.


LaTeX Warning: Hyper reference `acro:KDE' on page 6 undefined on input line 120
.


LaTeX Warning: Hyper reference `acro:KDE' on page 6 undefined on input line 120
.


LaTeX Warning: Hyper reference `acro:SQL' on page 6 undefined on input line 121
.


LaTeX Warning: Hyper reference `acro:SQL' on page 6 undefined on input line 121
.


LaTeX Warning: Hyper reference `acro:Bash' on page 6 undefined on input line 12
2.


LaTeX Warning: Hyper reference `acro:Bash' on page 6 undefined on input line 12
2.


LaTeX Warning: Hyper reference `acro:JDK' on page 6 undefined on input line 123
.


LaTeX Warning: Hyper reference `acro:JDK' on page 6 undefined on input line 123
.


LaTeX Warning: Hyper reference `acro:VM' on page 6 undefined on input line 124.



LaTeX Warning: Hyper reference `acro:VM' on page 6 undefined on input line 124.



LaTeX Warning: Hyper reference `acro:I2C' on page 6 undefined on input line 125
.


LaTeX Warning: Hyper reference `acro:I2C' on page 6 undefined on input line 125
.


LaTeX Warning: Hyper reference `acro:KDE' on page 6 undefined on input line 126
.


LaTeX Warning: Hyper reference `acro:KDE' on page 6 undefined on input line 126
.


LaTeX Warning: Hyper reference `acro:SQL' on page 6 undefined on input line 127
.


LaTeX Warning: Hyper reference `acro:SQL' on page 6 undefined on input line 127
.


LaTeX Warning: Hyper reference `acro:Bash' on page 6 undefined on input line 12
8.


LaTeX Warning: Hyper reference `acro:Bash' on page 6 undefined on input line 12
8.


LaTeX Warning: Hyper reference `acro:JDK' on page 6 undefined on input line 129
.


LaTeX Warning: Hyper reference `acro:JDK' on page 6 undefined on input line 129
.


LaTeX Warning: Hyper reference `acro:VM' on page 6 undefined on input line 130.



LaTeX Warning: Hyper reference `acro:VM' on page 6 undefined on input line 130.



LaTeX Warning: Hyper reference `acro:I2C' on page 6 undefined on input line 131
.


LaTeX Warning: Hyper reference `acro:I2C' on page 6 undefined on input line 131
.


LaTeX Warning: Hyper reference `acro:KDE' on page 6 undefined on input line 132
.


LaTeX Warning: Hyper reference `acro:KDE' on page 6 undefined on input line 132
.


LaTeX Warning: Hyper reference `acro:SQL' on page 6 undefined on input line 133
.


LaTeX Warning: Hyper reference `acro:SQL' on page 6 undefined on input line 133
.


LaTeX Warning: Hyper reference `acro:Bash' on page 6 undefined on input line 13
4.


LaTeX Warning: Hyper reference `acro:Bash' on page 6 undefined on input line 13
4.


LaTeX Warning: Hyper reference `acro:JDK' on page 6 undefined on input line 135
.


LaTeX Warning: Hyper reference `acro:JDK' on page 6 undefined on input line 135
.


LaTeX Warning: Hyper reference `acro:VM' on page 6 undefined on input line 136.



LaTeX Warning: Hyper reference `acro:VM' on page 6 undefined on input line 136.



LaTeX Warning: Hyper reference `acro:I2C' on page 6 undefined on input line 137
.


LaTeX Warning: Hyper reference `acro:I2C' on page 6 undefined on input line 137
.


LaTeX Warning: Hyper reference `acro:KDE' on page 6 undefined on input line 138
.


LaTeX Warning: Hyper reference `acro:KDE' on page 6 undefined on input line 138
.


LaTeX Warning: Hyper reference `acro:SQL' on page 6 undefined on input line 139
.


LaTeX Warning: Hyper reference `acro:SQL' on page 6 undefined on input line 139
.


LaTeX Warning: Hyper reference `acro:Bash' on page 6 undefined on input line 14
0.


LaTeX Warning: Hyper reference `acro:Bash' on page 6 undefined on input line 14
0.


LaTeX Warning: Hyper reference `acro:JDK' on page 6 undefined on input line 141
.


LaTeX Warning: Hyper reference `acro:JDK' on page 6 undefined on input line 141
.


LaTeX Warning: Hyper reference `acro:VM' on page 6 undefined on input line 142.



LaTeX Warning: Hyper reference `acro:VM' on page 6 undefined on input line 142.



LaTeX Warning: Hyper reference `acro:I2C' on page 6 undefined on input line 143
.


LaTeX Warning: Hyper reference `acro:I2C' on page 6 undefined on input line 143
.


LaTeX Warning: Hyper reference `acro:KDE' on page 6 undefined on input line 144
.


LaTeX Warning: Hyper reference `acro:KDE' on page 6 undefined on input line 144
.


LaTeX Warning: Hyper reference `acro:SQL' on page 6 undefined on input line 145
.


LaTeX Warning: Hyper reference `acro:SQL' on page 6 undefined on input line 145
.


LaTeX Warning: Hyper reference `acro:Bash' on page 6 undefined on input line 14
6.


LaTeX Warning: Hyper reference `acro:Bash' on page 6 undefined on input line 14
6.


LaTeX Warning: Hyper reference `acro:JDK' on page 6 undefined on input line 147
.


LaTeX Warning: Hyper reference `acro:JDK' on page 6 undefined on input line 147
.


LaTeX Warning: Hyper reference `acro:VM' on page 6 undefined on input line 148.



LaTeX Warning: Hyper reference `acro:VM' on page 6 undefined on input line 148.



LaTeX Warning: Hyper reference `acro:I2C' on page 6 undefined on input line 149
.


LaTeX Warning: Hyper reference `acro:I2C' on page 6 undefined on input line 149
.

[6




pdfTeX warning (ext4): destination with the same identifier (name{KDE}) has bee
n already used, duplicate ignored
<argument> ...shipout:D \box_use:N \l_shipout_box 
                                                  \__shipout_drop_firstpage_...
l.152 \onecolumn
                
pdfTeX warning (ext4): destination with the same identifier (name{SQL}) has bee
n already used, duplicate ignored
<argument> ...shipout:D \box_use:N \l_shipout_box 
                                                  \__shipout_drop_firstpage_...
l.152 \onecolumn
                
pdfTeX warning (ext4): destination with the same identifier (name{Bash}) has be
en already used, duplicate ignored
<argument> ...shipout:D \box_use:N \l_shipout_box 
                                                  \__shipout_drop_firstpage_...
l.152 \onecolumn
                
pdfTeX warning (ext4): destination with the same identifier (name{JDK}) has bee
n already used, duplicate ignored
<argument> ...shipout:D \box_use:N \l_shipout_box 
                                                  \__shipout_drop_firstpage_...
l.152 \onecolumn
                
pdfTeX warning (ext4): destination with the same identifier (name{VM}) has been
 already used, duplicate ignored
<argument> ...shipout:D \box_use:N \l_shipout_box 
                                                  \__shipout_drop_firstpage_...
l.152 \onecolumn
                
pdfTeX warning (ext4): destination with the same identifier (name{I2C}) has bee
n already used, duplicate ignored
<argument> ...shipout:D \box_use:N \l_shipout_box 
                                                  \__shipout_drop_firstpage_...
l.152 \onecolumn
                
pdfTeX warning (ext4): destination with the same identifier (name{KDE}) has bee
n already used, duplicate ignored
<argument> ...shipout:D \box_use:N \l_shipout_box 
                                                  \__shipout_drop_firstpage_...
l.152 \onecolumn
                
pdfTeX warning (ext4): destination with the same identifier (name{SQL}) has bee
n already used, duplicate ignored
<argument> ...shipout:D \box_use:N \l_shipout_box 
                                                  \__shipout_drop_firstpage_...
l.152 \onecolumn
                
pdfTeX warning (ext4): destination with the same identifier (name{Bash}) has be
en already used, duplicate ignored
<argument> ...shipout:D \box_use:N \l_shipout_box 
                                                  \__shipout_drop_firstpage_...
l.152 \onecolumn
                
pdfTeX warning (ext4): destination with the same identifier (name{JDK}) has bee
n already used, duplicate ignored
<argument> ...shipout:D \box_use:N \l_shipout_box 
                                                  \__shipout_drop_firstpage_...
l.152 \onecolumn
                
pdfTeX warning (ext4): destination with the same identifier (name{VM}) has been
 already used, duplicate ignored
<argument> ...shipout:D \box_use:N \l_shipout_box 
                                                  \__shipout_drop_firstpage_...
l.152 \onecolumn
                
pdfTeX warning (ext4): destination with the same identifier (name{I2C}) has bee
n already used, duplicate ignored
<argument> ...shipout:D \box_use:N \l_shipout_box 
                                                  \__shipout_drop_firstpage_...
l.152 \onecolumn
                
pdfTeX warning (ext4): destination with the same identifier (name{KDE}) has bee
n already used, duplicate ignored
<argument> ...shipout:D \box_use:N \l_shipout_box 
                                                  \__shipout_drop_firstpage_...
l.152 \onecolumn
                
pdfTeX warning (ext4): destination with the same identifier (name{SQL}) has bee
n already used, duplicate ignored
<argument> ...shipout:D \box_use:N \l_shipout_box 
                                                  \__shipout_drop_firstpage_...
l.152 \onecolumn
                
pdfTeX warning (ext4): destination with the same identifier (name{Bash}) has be
en already used, duplicate ignored
<argument> ...shipout:D \box_use:N \l_shipout_box 
                                                  \__shipout_drop_firstpage_...
l.152 \onecolumn
                
pdfTeX warning (ext4): destination with the same identifier (name{JDK}) has bee
n already used, duplicate ignored
<argument> ...shipout:D \box_use:N \l_shipout_box 
                                                  \__shipout_drop_firstpage_...
l.152 \onecolumn
                
pdfTeX warning (ext4): destination with the same identifier (name{VM}) has been
 already used, duplicate ignored
<argument> ...shipout:D \box_use:N \l_shipout_box 
                                                  \__shipout_drop_firstpage_...
l.152 \onecolumn
                
pdfTeX warning (ext4): destination with the same identifier (name{I2C}) has bee
n already used, duplicate ignored
<argument> ...shipout:D \box_use:N \l_shipout_box 
                                                  \__shipout_drop_firstpage_...
l.152 \onecolumn
                
pdfTeX warning (ext4): destination with the same identifier (name{KDE}) has bee
n already used, duplicate ignored
<argument> ...shipout:D \box_use:N \l_shipout_box 
                                                  \__shipout_drop_firstpage_...
l.152 \onecolumn
                
pdfTeX warning (ext4): destination with the same identifier (name{SQL}) has bee
n already used, duplicate ignored
<argument> ...shipout:D \box_use:N \l_shipout_box 
                                                  \__shipout_drop_firstpage_...
l.152 \onecolumn
                
pdfTeX warning (ext4): destination with the same identifier (name{Bash}) has be
en already used, duplicate ignored
<argument> ...shipout:D \box_use:N \l_shipout_box 
                                                  \__shipout_drop_firstpage_...
l.152 \onecolumn
                
pdfTeX warning (ext4): destination with the same identifier (name{JDK}) has bee
n already used, duplicate ignored
<argument> ...shipout:D \box_use:N \l_shipout_box 
                                                  \__shipout_drop_firstpage_...
l.152 \onecolumn
                
pdfTeX warning (ext4): destination with the same identifier (name{VM}) has been
 already used, duplicate ignored
<argument> ...shipout:D \box_use:N \l_shipout_box 
                                                  \__shipout_drop_firstpage_...
l.152 \onecolumn
                
pdfTeX warning (ext4): destination with the same identifier (name{I2C}) has bee
n already used, duplicate ignored
<argument> ...shipout:D \box_use:N \l_shipout_box 
                                                  \__shipout_drop_firstpage_...
l.152 \onecolumn
                
pdfTeX warning (ext4): destination with the same identifier (name{KDE}) has bee
n already used, duplicate ignored
<argument> ...shipout:D \box_use:N \l_shipout_box 
                                                  \__shipout_drop_firstpage_...
l.152 \onecolumn
                
pdfTeX warning (ext4): destination with the same identifier (name{SQL}) has bee
n already used, duplicate ignored
<argument> ...shipout:D \box_use:N \l_shipout_box 
                                                  \__shipout_drop_firstpage_...
l.152 \onecolumn
                
pdfTeX warning (ext4): destination with the same identifier (name{Bash}) has be
en already used, duplicate ignored
<argument> ...shipout:D \box_use:N \l_shipout_box 
                                                  \__shipout_drop_firstpage_...
l.152 \onecolumn
                
pdfTeX warning (ext4): destination with the same identifier (name{JDK}) has bee
n already used, duplicate ignored
<argument> ...shipout:D \box_use:N \l_shipout_box 
                                                  \__shipout_drop_firstpage_...
l.152 \onecolumn
                
pdfTeX warning (ext4): destination with the same identifier (name{VM}) has been
 already used, duplicate ignored
<argument> ...shipout:D \box_use:N \l_shipout_box 
                                                  \__shipout_drop_firstpage_...
l.152 \onecolumn
                
pdfTeX warning (ext4): destination with the same identifier (name{I2C}) has bee
n already used, duplicate ignored
<argument> ...shipout:D \box_use:N \l_shipout_box 
                                                  \__shipout_drop_firstpage_...
l.152 \onecolumn
                ]
chapter 1.
(src/intro.tex [7



]) [8]
chapter 2.
(src/example_tables.tex) [9


] [10]
chapter 3.
(src/example_figures.tex
File: TU_Chemnitz_positiv_gruen.pdf Graphic file (type pdf)
<use TU_Chemnitz_positiv_gruen.pdf>
Package pdftex.def Info: TU_Chemnitz_positiv_gruen.pdf  used on input line 7.
(pdftex.def)             Requested size: 256.07744pt x 167.3449pt.
 [11


]
File: TU_Chemnitz_positiv_gruen.pdf Graphic file (type pdf)
<use TU_Chemnitz_positiv_gruen.pdf>
Package pdftex.def Info: TU_Chemnitz_positiv_gruen.pdf  used on input line 16.
(pdftex.def)             Requested size: 209.13013pt x 136.65427pt.
File: TU_Chemnitz_positiv_gruen.pdf Graphic file (type pdf)
<use TU_Chemnitz_positiv_gruen.pdf>
Package pdftex.def Info: TU_Chemnitz_positiv_gruen.pdf  used on input line 17.
(pdftex.def)             Requested size: 209.13013pt x 136.65427pt.
) [12]
chapter 4.

LaTeX Warning: Citation `autorenrichtlinien' on page 13 undefined on input line
 169.

LaTeX Font Info:    External font `cmex10' loaded for size
(Font)              <7> on input line 171.
LaTeX Font Info:    External font `cmex10' loaded for size
(Font)              <5> on input line 171.

LaTeX Warning: Citation `lnilatex' on page 13 undefined on input line 173.


LaTeX Warning: Citation `lnilatex' on page 13 undefined on input line 174.


LaTeX Warning: Citation `autorenrichtlinien' on page 13 undefined on input line
 175.


LaTeX Warning: Citation `pepper1992grundlagen' on page 13 undefined on input li
ne 175.


LaTeX Warning: Citation `chen2001audiovisual' on page 13 undefined on input lin
e 175.

[13


] [14]
chapter 5.
[15


] [16] [17] (Template.bbl [18]
Underfull \hbox (badness 3138) in paragraph at lines 10--13
[]\OT1/cmr/m/n/12 Glueck, H.I.: Au-toren-richtlin-ien zur gi-edition lec-ture n
otes in in-for-
 []

)
No file Template.ind.
[19


] (Template.aux)

LaTeX Warning: There were undefined references.


LaTeX Warning: Label(s) may have changed. Rerun to get cross-references right.

Package rerunfilecheck Info: File `Template.out' has not changed.
(rerunfilecheck)             Checksum: D41D8CD98F00B204E9800998ECF8427E;0.
 ) 
Here is how much of TeX's memory you used:
 12605 strings out of 478659
 224709 string characters out of 2855768
 657584 words of memory out of 3000000
 30494 multiletter control sequences out of 15000+600000
 410338 words of font info for 50 fonts, out of 8000000 for 9000
 1141 hyphenation exceptions out of 8191
 108i,8n,106p,10605b,413s stack positions out of 5000i,500n,10000p,200000b,80000s
 <C:\Users\Sreedhar\AppData\Local\MiKTeX\fonts/pk/ljfour/jknappen/ec/dpi600\t
cbx1200.pk><D:/Program Files/MiKTeX/fonts/type1/public/amsfonts/cm/cmbx10.pfb><
D:/Program Files/MiKTeX/fonts/type1/public/amsfonts/cm/cmbx12.pfb><D:/Program F
iles/MiKTeX/fonts/type1/public/amsfonts/cm/cmr10.pfb><D:/Program Files/MiKTeX/f
onts/type1/public/amsfonts/cm/cmr12.pfb><D:/Program Files/MiKTeX/fonts/type1/pu
blic/amsfonts/cm/cmr17.pfb><D:/Program Files/MiKTeX/fonts/type1/public/amsfonts
/cm/cmr7.pfb><D:/Program Files/MiKTeX/fonts/type1/public/amsfonts/cm/cmr8.pfb><
D:/Program Files/MiKTeX/fonts/type1/public/amsfonts/cm/cmsl12.pfb><D:/Program F
iles/MiKTeX/fonts/type1/public/amsfonts/cm/cmssbx10.pfb><D:/Program Files/MiKTe
X/fonts/type1/public/amsfonts/cm/cmtt12.pfb>
Output written on Template.pdf (19 pages, 229166 bytes).
PDF statistics:
 261 PDF objects out of 1000 (max. 8388607)
 52 named destinations out of 1000 (max. 500000)
 118 words of extra memory for PDF output out of 10000 (max. 10000000)

